<?xml version="1.0" encoding="UTF-8"?>
<!-- Generated by org.testng.reporters.JUnitReportReporter -->
<testsuite skipped="0" hostname="Ayo-Lounge" name="webdriverMaven.LoginTest" tests="1" failures="0" timestamp="06 Oct 2019 07:33:14 GMT" time="24.453" errors="0">
  <testcase name="doLogin" time="24.453" classname="webdriverMaven.LoginTest"/>
</testsuite> <!-- webdriverMaven.LoginTest -->
